# of contigs: 1178
Max contig length: 10467
Mean contig length: 945.8200339558574
Total length of genome assembly: 1114176
Mean depth of coverage: 56.95795482556074 60.00308829131868
NP50: 10467
#Contig length    Number of contigs in this category
0 65
100 220
200 155
300 90
400 75
500 43
600 37
700 42
800 39
900 38
1000 22
1100 26
1200 29
1300 30
1400 22
1500 19
1600 16
1700 18
1800 17
1900 19
2000 12
2100 20
2200 5
2300 10
2400 8
2500 10
2600 4
2700 7
2800 7
2900 9
3000 3
3100 6
3200 5
3300 3
3400 4
3500 2
3600 4
3700 1
3800 0
3900 3
4000 2
4100 1
4200 1
4300 3
4400 3
4500 4
4600 0
4700 2
4800 2
4900 0
5000 1
5100 1
5200 3
5300 0
5400 2
5500 0
5600 0
5700 0
5800 0
5900 1
6000 0
6100 0
6200 1
6300 1
6400 0
6500 0
6600 0
6700 0
6800 0
6900 0
7000 0
7100 0
7200 1
7300 0
7400 0
7500 0
7600 1
7700 0
7800 0
7900 1
8000 0
8100 0
8200 0
8300 0
8400 0
8500 0
8600 0
8700 1
8800 0
8900 0
9000 0
9100 0
9200 0
9300 0
9400 0
9500 0
9600 0
9700 0
9800 0
9900 0
10000 0
10100 0
10200 0
10300 0
10400 1
