# of contigs: 1291
Max contig length: 10467
Mean contig length: 925.4182804027886
Total length of genome assembly: 1194715
Mean depth of coverage: 54.381576982209126 57.35657277776942
NP50: 10467
#Contig length    Number of contigs in this category
0 72
100 244
200 174
300 93
400 84
500 48
600 44
700 49
800 42
900 38
1000 26
1100 27
1200 32
1300 33
1400 26
1500 21
1600 17
1700 18
1800 16
1900 22
2000 11
2100 21
2200 7
2300 10
2400 8
2500 11
2600 7
2700 7
2800 8
2900 9
3000 5
3100 6
3200 4
3300 3
3400 5
3500 2
3600 4
3700 1
3800 0
3900 4
4000 2
4100 1
4200 1
4300 3
4400 3
4500 3
4600 0
4700 2
4800 2
4900 0
5000 1
5100 1
5200 2
5300 0
5400 2
5500 0
5600 0
5700 0
5800 0
5900 1
6000 0
6100 0
6200 2
6300 1
6400 0
6500 0
6600 0
6700 0
6800 0
6900 0
7000 0
7100 0
7200 1
7300 0
7400 0
7500 0
7600 1
7700 0
7800 0
7900 1
8000 0
8100 0
8200 0
8300 0
8400 0
8500 0
8600 0
8700 1
8800 0
8900 0
9000 0
9100 0
9200 0
9300 0
9400 0
9500 0
9600 0
9700 0
9800 0
9900 0
10000 0
10100 0
10200 0
10300 0
10400 1
