# of contigs: 624
Max contig length: 10449
Mean contig length: 1647.0689102564102
Total length of genome assembly: 1027771
Mean depth of coverage: 53.54430487130399 54.53766337071662
NP50: 10449
#Contig length    Number of contigs in this category
0 0
100 0
200 0
300 0
400 8
500 54
600 42
700 45
800 43
900 31
1000 26
1100 31
1200 34
1300 28
1400 27
1500 18
1600 20
1700 19
1800 18
1900 17
2000 14
2100 20
2200 7
2300 7
2400 9
2500 10
2600 8
2700 5
2800 12
2900 8
3000 4
3100 5
3200 3
3300 4
3400 4
3500 3
3600 4
3700 0
3800 0
3900 5
4000 1
4100 1
4200 2
4300 2
4400 3
4500 3
4600 0
4700 2
4800 2
4900 0
5000 1
5100 1
5200 2
5300 1
5400 1
5500 0
5600 0
5700 0
5800 0
5900 1
6000 0
6100 0
6200 2
6300 1
6400 0
6500 0
6600 0
6700 0
6800 0
6900 0
7000 0
7100 0
7200 1
7300 0
7400 0
7500 0
7600 1
7700 0
7800 0
7900 1
8000 0
8100 0
8200 0
8300 0
8400 0
8500 0
8600 0
8700 1
8800 0
8900 0
9000 0
9100 0
9200 0
9300 0
9400 0
9500 0
9600 0
9700 0
9800 0
9900 0
10000 0
10100 0
10200 0
10300 0
10400 1
