# of contigs: 624
Max contig length: 10459
Mean contig length: 1657.0689102564102
Total length of genome assembly: 1034011
Mean depth of coverage: 53.52022982684417 54.844112303030236
NP50: 10459
#Contig length    Number of contigs in this category
0 0
100 0
200 0
300 0
400 4
500 51
600 43
700 47
800 42
900 35
1000 26
1100 29
1200 33
1300 31
1400 26
1500 20
1600 19
1700 19
1800 15
1900 20
2000 13
2100 19
2200 7
2300 9
2400 9
2500 11
2600 7
2700 6
2800 10
2900 8
3000 4
3100 7
3200 3
3300 3
3400 5
3500 3
3600 4
3700 0
3800 0
3900 4
4000 2
4100 1
4200 1
4300 3
4400 3
4500 3
4600 0
4700 2
4800 2
4900 0
5000 1
5100 1
5200 2
5300 1
5400 1
5500 0
5600 0
5700 0
5800 0
5900 1
6000 0
6100 0
6200 2
6300 1
6400 0
6500 0
6600 0
6700 0
6800 0
6900 0
7000 0
7100 0
7200 1
7300 0
7400 0
7500 0
7600 1
7700 0
7800 0
7900 1
8000 0
8100 0
8200 0
8300 0
8400 0
8500 0
8600 0
8700 1
8800 0
8900 0
9000 0
9100 0
9200 0
9300 0
9400 0
9500 0
9600 0
9700 0
9800 0
9900 0
10000 0
10100 0
10200 0
10300 0
10400 1
