# of contigs: 418
Max contig length: 7151
Mean contig length: 946.6961722488038
Total length of genome assembly: 395719
Mean depth of coverage: 97.55088842249921 102.76115056544693
NP50: 7151
#Contig length    Number of contigs in this category
0 27
100 96
200 40
300 29
400 27
500 21
600 16
700 17
800 12
900 7
1000 7
1100 10
1200 13
1300 4
1400 7
1500 4
1600 7
1700 4
1800 7
1900 4
2000 1
2100 9
2200 2
2300 3
2400 3
2500 4
2600 1
2700 2
2800 3
2900 3
3000 0
3100 2
3200 2
3300 2
3400 2
3500 1
3600 2
3700 1
3800 0
3900 1
4000 0
4100 1
4200 2
4300 1
4400 1
4500 2
4600 0
4700 0
4800 1
4900 0
5000 0
5100 1
5200 1
5300 0
5400 1
5500 0
5600 0
5700 0
5800 0
5900 0
6000 0
6100 0
6200 1
6300 1
6400 0
6500 1
6600 0
6700 0
6800 0
6900 0
7000 0
7100 1
