	Command being timed: "velveth /projects/bgmp/akershne/Bi621/PS6/Velvet/2 31 -fastq /projects/bgmp/shared/Bi621/800_3_PE5_interleaved.fq_1 /projects/bgmp/shared/Bi621/800_3_PE5_interleaved.fq_2 /projects/bgmp/shared/Bi621/800_3_PE5_interleaved.fq.unmatched"
	User time (seconds): 49.49
	System time (seconds): 1.28
	Percent of CPU this job got: 341%
	Elapsed (wall clock) time (h:mm:ss or m:ss): 0:14.86
	Average shared text size (kbytes): 0
	Average unshared data size (kbytes): 0
	Average stack size (kbytes): 0
	Average total size (kbytes): 0
	Maximum resident set size (kbytes): 1098512
	Average resident set size (kbytes): 0
	Major (requiring I/O) page faults: 0
	Minor (reclaiming a frame) page faults: 499550
	Voluntary context switches: 1038
	Involuntary context switches: 423
	Swaps: 0
	File system inputs: 0
	File system outputs: 0
	Socket messages sent: 0
	Socket messages received: 0
	Signals delivered: 0
	Page size (bytes): 4096
	Exit status: 0
