	Command being timed: "velvetg /projects/bgmp/akershne/Bi621/PS6/Velvet/2 -exp_cov auto -cov_cutoff auto"
	User time (seconds): 91.68
	System time (seconds): 1.03
	Percent of CPU this job got: 299%
	Elapsed (wall clock) time (h:mm:ss or m:ss): 0:30.92
	Average shared text size (kbytes): 0
	Average unshared data size (kbytes): 0
	Average stack size (kbytes): 0
	Average total size (kbytes): 0
	Maximum resident set size (kbytes): 555780
	Average resident set size (kbytes): 0
	Major (requiring I/O) page faults: 0
	Minor (reclaiming a frame) page faults: 326802
	Voluntary context switches: 276
	Involuntary context switches: 115
	Swaps: 0
	File system inputs: 0
	File system outputs: 0
	Socket messages sent: 0
	Socket messages received: 0
	Signals delivered: 0
	Page size (bytes): 4096
	Exit status: 0
